2023.07.23 22:10:45 INFO  Started: Metals version 1.0.0 in folders 'C:\Users\adars\Downloads\Laptop\Drive\Coursera\Big Data with Scala and Spark\Big-Data-Analysis-with-Scala-and-Spark' for client Visual Studio Code 1.80.1.
Jul 23, 2023 10:10:45 PM org.flywaydb.core.internal.license.VersionPrinter printVersionOnly
INFO: Flyway Community Edition 9.20.1 by Redgate
Jul 23, 2023 10:10:45 PM org.flywaydb.core.internal.license.VersionPrinter printVersion
INFO: See release notes here: https://rd.gt/416ObMi
Jul 23, 2023 10:10:45 PM org.flywaydb.core.internal.license.VersionPrinter printVersion
INFO: 
Jul 23, 2023 10:10:46 PM org.flywaydb.core.internal.database.base.BaseDatabaseType createDatabase
INFO: Database: jdbc:h2:file:C:\Users\adars\Downloads\Laptop\Drive\Coursera\Big Data with Scala and Spark\Big-Data-Analysis-with-Scala-and-Spark\.metals\metals (H2 2.1)
Jul 23, 2023 10:10:46 PM org.flywaydb.core.internal.schemahistory.JdbcTableSchemaHistory allAppliedMigrations
INFO: Schema history table "PUBLIC"."flyway_schema_history" does not exist yet
Jul 23, 2023 10:10:46 PM org.flywaydb.core.internal.command.DbValidate validate
INFO: Successfully validated 4 migrations (execution time 00:00.025s)
Jul 23, 2023 10:10:46 PM org.flywaydb.core.internal.schemahistory.JdbcTableSchemaHistory create
INFO: Creating Schema History table "PUBLIC"."flyway_schema_history" ...
Jul 23, 2023 10:10:46 PM org.flywaydb.core.internal.command.DbMigrate migrateGroup
INFO: Current version of schema "PUBLIC": << Empty Schema >>
Jul 23, 2023 10:10:46 PM org.flywaydb.core.internal.command.DbMigrate doMigrateGroup
INFO: Migrating schema "PUBLIC" to version "1 - Create tables"
Jul 23, 2023 10:10:46 PM org.flywaydb.core.internal.command.DbMigrate doMigrateGroup
INFO: Migrating schema "PUBLIC" to version "2 - Server discovery"
Jul 23, 2023 10:10:46 PM org.flywaydb.core.internal.command.DbMigrate doMigrateGroup
INFO: Migrating schema "PUBLIC" to version "3 - Jar symbols"
Jul 23, 2023 10:10:46 PM org.flywaydb.core.internal.command.DbMigrate doMigrateGroup
INFO: Migrating schema "PUBLIC" to version "4 - Fingerprints"
Jul 23, 2023 10:10:46 PM org.flywaydb.core.internal.command.DbMigrate logSummary
INFO: Successfully applied 4 migrations to schema "PUBLIC", now at version v4 (execution time 00:00.030s)
2023.07.23 22:10:46 INFO  time: initialize in 1.08s
2023.07.23 22:10:48 INFO  Running List(C:\Users\adars\AppData\Local\Coursier\data\bin\scala-cli.BAT, setup-ide, C:\Users\adars\Downloads\Laptop\Drive\Coursera\Big Data with Scala and Spark\Big-Data-Analysis-with-Scala-and-Spark)
2023.07.23 22:10:48 INFO  Attempting to connect to the build server...
2023.07.23 22:10:48 INFO  Running BSP server List(C:\Users\adars\AppData\Local\Coursier\data\bin\.scala-cli.aux.exe, bsp, --json-options, C:\Users\adars\Downloads\Laptop\Drive\Coursera\Big Data with Scala and Spark\Big-Data-Analysis-with-Scala-and-Spark\.scala-build\ide-options-v2.json, C:\Users\adars\Downloads\Laptop\Drive\Coursera\Big Data with Scala and Spark\Big-Data-Analysis-with-Scala-and-Spark)
2023.07.23 22:10:48 WARN  No build session currently active to reload.
2023.07.23 22:10:48 INFO  tracing is disabled for protocol BSP, to enable tracing of incoming and outgoing JSON messages create an empty file at C:\Users\adars\Downloads\Laptop\Drive\Coursera\Big Data with Scala and Spark\Big-Data-Analysis-with-Scala-and-Spark\.metals\bsp.trace.json or C:\Users\adars\AppData\Local\scalameta\metals\cache\bsp.trace.json
2023.07.23 22:10:49 INFO  BSP server: Checking https://github.com/coursier/jvm-index/raw/master/index.json
2023.07.23 22:10:49 INFO  BSP server: Checked https://github.com/coursier/jvm-index/raw/master/index.json
2023.07.23 22:10:49 INFO  BSP server: Downloading https://github.com/coursier/jvm-index/raw/master/index.json
2023.07.23 22:10:49 INFO  BSP server: Downloaded https://github.com/coursier/jvm-index/raw/master/index.json
2023.07.23 22:10:50 INFO  Shutting down server
2023.07.23 22:10:50 INFO  shutting down Metals
2023.07.23 22:54:29 INFO  Started: Metals version 1.0.0 in folders 'C:\Users\adars\Downloads\Laptop\Drive\Coursera\Big Data with Scala and Spark\Big-Data-Analysis-with-Scala-and-Spark' for client Visual Studio Code 1.80.1.
Jul 23, 2023 10:54:29 PM org.flywaydb.core.internal.license.VersionPrinter printVersionOnly
INFO: Flyway Community Edition 9.20.1 by Redgate
Jul 23, 2023 10:54:29 PM org.flywaydb.core.internal.license.VersionPrinter printVersion
INFO: See release notes here: https://rd.gt/416ObMi
Jul 23, 2023 10:54:29 PM org.flywaydb.core.internal.license.VersionPrinter printVersion
INFO: 
Jul 23, 2023 10:54:30 PM org.flywaydb.core.internal.database.base.BaseDatabaseType createDatabase
INFO: Database: jdbc:h2:file:C:\Users\adars\Downloads\Laptop\Drive\Coursera\Big Data with Scala and Spark\Big-Data-Analysis-with-Scala-and-Spark\.metals\metals (H2 2.1)
Jul 23, 2023 10:54:30 PM org.flywaydb.core.internal.command.DbValidate validate
INFO: Successfully validated 4 migrations (execution time 00:00.037s)
Jul 23, 2023 10:54:30 PM org.flywaydb.core.internal.command.DbMigrate migrateGroup
INFO: Current version of schema "PUBLIC": 4
Jul 23, 2023 10:54:30 PM org.flywaydb.core.internal.command.DbMigrate logSummary
INFO: Schema "PUBLIC" is up to date. No migration necessary.
2023.07.23 22:54:30 INFO  time: initialize in 0.98s
2023.07.23 22:54:31 INFO  Attempting to connect to the build server...
2023.07.23 22:54:31 INFO  Running BSP server List(C:\Users\adars\AppData\Local\Coursier\data\bin\.scala-cli.aux.exe, bsp, --json-options, C:\Users\adars\Downloads\Laptop\Drive\Coursera\Big Data with Scala and Spark\Big-Data-Analysis-with-Scala-and-Spark\.scala-build\ide-options-v2.json, C:\Users\adars\Downloads\Laptop\Drive\Coursera\Big Data with Scala and Spark\Big-Data-Analysis-with-Scala-and-Spark)
Jul 23, 2023 10:54:31 PM org.eclipse.lsp4j.jsonrpc.RemoteEndpoint fallbackResponseError
SEVERE: Internal error: scala.meta.internal.metals.debug.BuildTargetNotFoundForPathException: No build target could be found for the path: C:\Users\adars\Downloads\Laptop\Drive\Coursera\Big Data with Scala and Spark\Big-Data-Analysis-with-Scala-and-Spark\Week-1\bigdata-example\example\src\main\scala\example\Lists.scala
java.util.concurrent.CompletionException: scala.meta.internal.metals.debug.BuildTargetNotFoundForPathException: No build target could be found for the path: C:\Users\adars\Downloads\Laptop\Drive\Coursera\Big Data with Scala and Spark\Big-Data-Analysis-with-Scala-and-Spark\Week-1\bigdata-example\example\src\main\scala\example\Lists.scala
	at java.util.concurrent.CompletableFuture.encodeThrowable(CompletableFuture.java:292)
	at java.util.concurrent.CompletableFuture.completeThrowable(CompletableFuture.java:308)
	at java.util.concurrent.CompletableFuture.uniAccept(CompletableFuture.java:661)
	at java.util.concurrent.CompletableFuture$UniAccept.tryFire(CompletableFuture.java:646)
	at java.util.concurrent.CompletableFuture.uniAcceptStage(CompletableFuture.java:686)
	at java.util.concurrent.CompletableFuture.thenAcceptAsync(CompletableFuture.java:2014)
	at scala.concurrent.java8.FuturesConvertersImpl$CF.thenAccept(FutureConvertersImpl.scala:37)
	at org.eclipse.lsp4j.jsonrpc.RemoteEndpoint.handleRequest(RemoteEndpoint.java:279)
	at org.eclipse.lsp4j.jsonrpc.RemoteEndpoint.consume(RemoteEndpoint.java:190)
	at org.eclipse.lsp4j.jsonrpc.json.StreamMessageProducer.handleMessage(StreamMessageProducer.java:194)
	at org.eclipse.lsp4j.jsonrpc.json.StreamMessageProducer.listen(StreamMessageProducer.java:94)
	at org.eclipse.lsp4j.jsonrpc.json.ConcurrentMessageProcessor.run(ConcurrentMessageProcessor.java:113)
	at java.util.concurrent.Executors$RunnableAdapter.call(Executors.java:511)
	at java.util.concurrent.FutureTask.run(FutureTask.java:266)
	at java.util.concurrent.ThreadPoolExecutor.runWorker(ThreadPoolExecutor.java:1149)
	at java.util.concurrent.ThreadPoolExecutor$Worker.run(ThreadPoolExecutor.java:624)
	at java.lang.Thread.run(Thread.java:748)
Caused by: scala.meta.internal.metals.debug.BuildTargetNotFoundForPathException: No build target could be found for the path: C:\Users\adars\Downloads\Laptop\Drive\Coursera\Big Data with Scala and Spark\Big-Data-Analysis-with-Scala-and-Spark\Week-1\bigdata-example\example\src\main\scala\example\Lists.scala
	at scala.meta.internal.metals.debug.DebugProvider.debugDiscovery(DebugProvider.scala:468)
	at scala.meta.internal.metals.debug.DebugProvider.runCommandDiscovery(DebugProvider.scala:418)
	at scala.meta.internal.metals.MetalsLspService.discoverMainClasses(MetalsLspService.scala:1643)
	at scala.meta.internal.metals.WorkspaceLspService.executeCommand(WorkspaceLspService.scala:686)
	at scala.meta.metals.lsp.DelegatingScalaService.executeCommand(DelegatingScalaService.scala:169)
	at sun.reflect.NativeMethodAccessorImpl.invoke0(Native Method)
	at sun.reflect.NativeMethodAccessorImpl.invoke(NativeMethodAccessorImpl.java:62)
	at sun.reflect.DelegatingMethodAccessorImpl.invoke(DelegatingMethodAccessorImpl.java:43)
	at java.lang.reflect.Method.invoke(Method.java:498)
	at org.eclipse.lsp4j.jsonrpc.services.GenericEndpoint.lambda$null$0(GenericEndpoint.java:65)
	at org.eclipse.lsp4j.jsonrpc.services.GenericEndpoint.request(GenericEndpoint.java:120)
	at org.eclipse.lsp4j.jsonrpc.RemoteEndpoint.handleRequest(RemoteEndpoint.java:261)
	... 9 more

2023.07.23 22:54:31 INFO  tracing is disabled for protocol BSP, to enable tracing of incoming and outgoing JSON messages create an empty file at C:\Users\adars\Downloads\Laptop\Drive\Coursera\Big Data with Scala and Spark\Big-Data-Analysis-with-Scala-and-Spark\.metals\bsp.trace.json or C:\Users\adars\AppData\Local\scalameta\metals\cache\bsp.trace.json
2023.07.23 22:54:32 WARN  No build session currently active to reload.
2023.07.23 22:54:35 INFO  no build target found for C:\Users\adars\Downloads\Laptop\Drive\Coursera\Big Data with Scala and Spark\Big-Data-Analysis-with-Scala-and-Spark\Week-1\bigdata-example\example\src\main\scala\example\Lists.scala. Using presentation compiler with project's scala-library version: 3.3.0
2023.07.23 22:54:36 INFO  time: Connected to build server in 4.77s
2023.07.23 22:54:36 INFO  Connected to Build server: scala-cli v1.0.2
2023.07.23 22:54:37 INFO  compiling big-data-analysis-with-scala-and-spark_bd2c96d2de (4 scala sources)
2023.07.23 22:54:38 INFO  compiling big-data-analysis-with-scala-and-spark_bd2c96d2de (4 scala sources)
2023.07.23 22:54:38 INFO  time: code lens generation in 7.14s
2023.07.23 22:54:40 INFO  time: indexed workspace in 3.47s
2023.07.23 22:54:40 INFO  compiling big-data-analysis-with-scala-and-spark_bd2c96d2de (4 scala sources)
2023.07.23 22:54:40 INFO  time: compiled Big-Data-Analysis-with-Scala-and-Spark_bd2c96d2de in 0.5s
2023.07.23 22:54:41 INFO  compiling big-data-analysis-with-scala-and-spark_bd2c96d2de (4 scala sources)
2023.07.23 22:54:41 INFO  time: compiled Big-Data-Analysis-with-Scala-and-Spark_bd2c96d2de in 0.42s
2023.07.23 22:55:01 INFO  Shutting down server
2023.07.23 22:55:01 INFO  shutting down Metals
2023.07.23 22:55:01 INFO  Shut down connection with build server.
2023.07.23 22:55:01 INFO  Exiting server
